<?xml version="1.0" encoding="UTF-8"?>
<!-- Generated by org.testng.reporters.JUnitReportReporter -->
<testsuite hostname="DESKTOP-A07EC6F" failures="0" tests="1" name="com.framework.testng.base.CreateLead" time="23.226" errors="0" timestamp="2025-03-07T17:05:11 IST" skipped="0">
  <testcase classname="com.framework.testng.base.CreateLead" name="runCreate" time="23.226"/>
  <system-out/>
</testsuite> <!-- com.framework.testng.base.CreateLead -->
